app/build/intermediates/manifest_merge_blame_file/debug/manifest-merger-blame-debug-report.txt
1<?xml version="1.0" encoding="utf-8"?>
2<manifest xmlns:android="http://schemas.android.com/apk/res/android"
3    package="com.softitcare.colorceramics_vendor"
4    android:versionCode="1"
5    android:versionName="1.0" >
6
7    <uses-sdk
8        android:minSdkVersion="17"
8-->src\main\AndroidManifest.xml
9        android:targetSdkVersion="30" />
9-->src\main\AndroidManifest.xml
10
11    <uses-permission android:name="android.permission.INTERNET" />
11-->src\main\AndroidManifest.xml:5:5-67
11-->src\main\AndroidManifest.xml:5:22-64
12
13    <application
13-->src\main\AndroidManifest.xml:7:5-37:19
14        android:allowBackup="true"
14-->src\main\AndroidManifest.xml:8:9-35
15        android:appComponentFactory="androidx.core.app.CoreComponentFactory"
15-->[androidx.core:core:1.3.1] AndroidManifest.xml:24:18-86
16        android:debuggable="true"
17        android:icon="@drawable/logo"
17-->src\main\AndroidManifest.xml:9:9-38
18        android:label="@string/app_name"
18-->src\main\AndroidManifest.xml:10:9-41
19        android:roundIcon="@drawable/logo"
19-->src\main\AndroidManifest.xml:11:9-43
20        android:supportsRtl="true"
20-->src\main\AndroidManifest.xml:12:9-35
21        android:theme="@style/AppTheme" >
21-->src\main\AndroidManifest.xml:13:9-40
22        <activity
22-->src\main\AndroidManifest.xml:14:9-21:20
23            android:name="com.softitcare.colorceramics_vendor.ui.activity.SplashActivity"
23-->src\main\AndroidManifest.xml:14:19-61
24            android:theme="@style/Theme.AppCompat.Light.NoActionBar.FullScreen" >
24-->src\main\AndroidManifest.xml:15:13-80
25            <intent-filter>
25-->src\main\AndroidManifest.xml:16:13-20:29
26                <action android:name="android.intent.action.MAIN" />
26-->src\main\AndroidManifest.xml:17:17-69
26-->src\main\AndroidManifest.xml:17:25-66
27
28                <category android:name="android.intent.category.LAUNCHER" />
28-->src\main\AndroidManifest.xml:19:17-77
28-->src\main\AndroidManifest.xml:19:27-74
29            </intent-filter>
30        </activity>
31        <activity
31-->src\main\AndroidManifest.xml:22:9-27:20
32            android:name="com.softitcare.colorceramics_vendor.ui.activity.RegistrationActivity"
32-->src\main\AndroidManifest.xml:22:19-67
33            android:label="@string/app_name"
33-->src\main\AndroidManifest.xml:23:13-45
34            android:theme="@style/AppTheme.NoActionBar" >
34-->src\main\AndroidManifest.xml:24:13-56
35        </activity>
36        <activity
36-->src\main\AndroidManifest.xml:28:9-30:58
37            android:name="com.softitcare.colorceramics_vendor.ui.activity.LoginActivity"
37-->src\main\AndroidManifest.xml:28:19-60
38            android:label="@string/app_name"
38-->src\main\AndroidManifest.xml:29:13-45
39            android:theme="@style/AppTheme.NoActionBar" />
39-->src\main\AndroidManifest.xml:30:13-56
40        <activity
40-->src\main\AndroidManifest.xml:31:9-36:20
41            android:name="com.softitcare.colorceramics_vendor.ui.activity.MainActivity"
41-->src\main\AndroidManifest.xml:32:13-53
42            android:label="@string/app_name"
42-->src\main\AndroidManifest.xml:33:13-45
43            android:theme="@style/AppTheme.NoActionBar" >
43-->src\main\AndroidManifest.xml:34:13-56
44        </activity>
45
46        <provider
46-->[androidx.lifecycle:lifecycle-process:2.2.0] AndroidManifest.xml:25:9-29:43
47            android:name="androidx.lifecycle.ProcessLifecycleOwnerInitializer"
47-->[androidx.lifecycle:lifecycle-process:2.2.0] AndroidManifest.xml:26:13-79
48            android:authorities="com.softitcare.colorceramics_vendor.lifecycle-process"
48-->[androidx.lifecycle:lifecycle-process:2.2.0] AndroidManifest.xml:27:13-69
49            android:exported="false"
49-->[androidx.lifecycle:lifecycle-process:2.2.0] AndroidManifest.xml:28:13-37
50            android:multiprocess="true" />
50-->[androidx.lifecycle:lifecycle-process:2.2.0] AndroidManifest.xml:29:13-40
51    </application>
52
53</manifest>